
> queue-cure@0.1.0 dev
> next dev

▲ Next.js 16.2.9 (Turbopack)
- Local:         http://localhost:3000
- Network:       http://192.168.0.2:3000
✓ Ready in 504ms

○ Compiling / ...
 GET / 200 in 5.1s (next.js: 4.6s, application-code: 515ms)
[browser] Maximum update depth exceeded. This can happen when a component calls setState inside useEffect, but useEffect either doesn't have a dependency array, or one of the dependencies changes on every render.
    at handleMarkAllRead (app/page.tsx:45:5)
    at TopNavBar.useEffect (components/TopNavBar.tsx:45:7)
  43 |
  44 |   const handleMarkAllRead = () => {
> 45 |     setNotifications((prev) => prev.map((n) => ({ ...n, read: true })));
     |     ^
  46 |   };
  47 |
  48 |   const handleDismissNotification = (id: string) => { (app/page.tsx:45:5)
[browser] Maximum update depth exceeded. This can happen when a component calls setState inside useEffect, but useEffect either doesn't have a dependency array, or one of the dependencies changes on every render.
    at handleMarkAllRead (app/page.tsx:45:5)
    at TopNavBar.useEffect (components/TopNavBar.tsx:45:7)
  43 |
  44 |   const handleMarkAllRead = () => {
> 45 |     setNotifications((prev) => prev.map((n) => ({ ...n, read: true })));
     |     ^
  46 |   };
  47 |
  48 |   const handleDismissNotification = (id: string) => { (app/page.tsx:45:5)
[browser] Maximum update depth exceeded. This can happen when a component calls setState inside useEffect, but useEffect either doesn't have a dependency array, or one of the dependencies changes on every render.
    at handleMarkAllRead (app/page.tsx:45:5)
    at TopNavBar.useEffect (components/TopNavBar.tsx:45:7)
  43 |
  44 |   const handleMarkAllRead = () => {
> 45 |     setNotifications((prev) => prev.map((n) => ({ ...n, read: true })));
     |     ^
  46 |   };
  47 |
  48 |   const handleDismissNotification = (id: string) => { (app/page.tsx:45:5)
[browser] Maximum update depth exceeded. This can happen when a component calls setState inside useEffect, but useEffect either doesn't have a dependency array, or one of the dependencies changes on every render.
    at handleMarkAllRead (app/page.tsx:45:5)
    at TopNavBar.useEffect (components/TopNavBar.tsx:45:7)
  43 |
  44 |   const handleMarkAllRead = () => {
> 45 |     setNotifications((prev) => prev.map((n) => ({ ...n, read: true })));
     |     ^
  46 |   };
  47 |
  48 |   const handleDismissNotification = (id: string) => { (app/page.tsx:45:5)
[browser] Maximum update depth exceeded. This can happen when a component calls setState inside useEffect, but useEffect either doesn't have a dependency array, or one of the dependencies changes on every render.
    at handleMarkAllRead (app/page.tsx:45:5)
    at TopNavBar.useEffect (components/TopNavBar.tsx:45:7)
  43 |
  44 |   const handleMarkAllRead = () => {
> 45 |     setNotifications((prev) => prev.map((n) => ({ ...n, read: true })));
     |     ^
  46 |   };
  47 |
  48 |   const handleDismissNotification = (id: string) => { (app/page.tsx:45:5)
[browser] Maximum update depth exceeded. This can happen when a component calls setState inside useEffect, but useEffect either doesn't have a dependency array, or one of the dependencies changes on every render.
    at handleMarkAllRead (app/page.tsx:45:5)
    at TopNavBar.useEffect (components/TopNavBar.tsx:45:7)
  43 |
  44 |   const handleMarkAllRead = () => {
> 45 |     setNotifications((prev) => prev.map((n) => ({ ...n, read: true })));
     |     ^
  46 |   };
  47 |
  48 |   const handleDismissNotification = (id: string) => { (app/page.tsx:45:5)
[browser] Maximum update depth exceeded. This can happen when a component calls setState inside useEffect, but useEffect either doesn't have a dependency array, or one of the dependencies changes on every render.
    at handleMarkAllRead (app/page.tsx:45:5)
    at TopNavBar.useEffect (components/TopNavBar.tsx:45:7)
  43 |
  44 |   const handleMarkAllRead = () => {
> 45 |     setNotifications((prev) => prev.map((n) => ({ ...n, read: true })));
     |     ^
  46 |   };
  47 |
  48 |   const handleDismissNotification = (id: string) => { (app/page.tsx:45:5)
[browser] Maximum update depth exceeded. This can happen when a component calls setState inside useEffect, but useEffect either doesn't have a dependency array, or one of the dependencies changes on every render.
    at handleMarkAllRead (app/page.tsx:45:5)
    at TopNavBar.useEffect (components/TopNavBar.tsx:45:7)
  43 |
  44 |   const handleMarkAllRead = () => {
> 45 |     setNotifications((prev) => prev.map((n) => ({ ...n, read: true })));
     |     ^
  46 |   };
  47 |
  48 |   const handleDismissNotification = (id: string) => { (app/page.tsx:45:5)
 GET / 200 in 69ms (next.js: 8ms, application-code: 61ms)
